#
# There is insufficient memory for the Java Runtime Environment to continue.
# Native memory allocation (mmap) failed to map 134217728 bytes for G1 virtual space
# Possible reasons:
#   The system is out of physical RAM or swap space
#   The process is running with CompressedOops enabled, and the Java Heap may be blocking the growth of the native heap
# Possible solutions:
#   Reduce memory load on the system
#   Increase physical memory or swap space
#   Check if swap backing store is full
#   Decrease Java heap size (-Xmx/-Xms)
#   Decrease number of Java threads
#   Decrease Java thread stack sizes (-Xss)
#   Set larger code cache with -XX:ReservedCodeCacheSize=
#   JVM is running with Unscaled Compressed Oops mode in which the Java heap is
#     placed in the first 4GB address space. The Java Heap base address is the
#     maximum limit for the native heap growth. Please use -XX:HeapBaseMinAddress
#     to set the Java Heap base and to place the Java Heap above 4GB virtual address.
# This output file may be truncated or incomplete.
#
#  Out of Memory Error (os_windows.cpp:3548), pid=3960, tid=10884
#
# JRE version:  (17.0.5+8) (build )
# Java VM: OpenJDK 64-Bit Server VM (17.0.5+8, mixed mode, sharing, tiered, compressed oops, compressed class ptrs, g1 gc, windows-amd64)
# No core dump will be written. Minidumps are not enabled by default on client versions of Windows
#

---------------  S U M M A R Y ------------

Command Line: -Dfile.encoding=UTF-8 --module-path=C:\Users\praveen\eclipse-workspace\Ecommerce\bin -XX:+ShowCodeDetailsInExceptionMessages -Djdk.module.main=Ecommerce Ecommerce/com.sales.app.InventoryJDBCApp

Host: Intel(R) Xeon(R) Platinum 8370C CPU @ 2.80GHz, 2 cores, 7G,  Windows 10 , 64 bit Build 19041 (10.0.19041.2364)
Time: Wed Jan 25 05:47:03 2023 Coordinated Universal Time elapsed time: 0.039311 seconds (0d 0h 0m 0s)

---------------  T H R E A D  ---------------

Current thread (0x00000199c41c9da0):  JavaThread "Unknown thread" [_thread_in_vm, id=10884, stack(0x0000003cd9500000,0x0000003cd9600000)]

Stack: [0x0000003cd9500000,0x0000003cd9600000]
Native frames: (J=compiled Java code, j=interpreted, Vv=VM code, C=native code)
V  [jvm.dll+0x676b3a]
V  [jvm.dll+0x831444]
V  [jvm.dll+0x832bee]
V  [jvm.dll+0x833253]
V  [jvm.dll+0x244ce5]
V  [jvm.dll+0x673a49]
V  [jvm.dll+0x66811a]
V  [jvm.dll+0x303ceb]
V  [jvm.dll+0x30b1e6]
V  [jvm.dll+0x35adbe]
V  [jvm.dll+0x35afef]
V  [jvm.dll+0x2dab88]
V  [jvm.dll+0x2dbaf4]
V  [jvm.dll+0x803121]
V  [jvm.dll+0x368bb1]
V  [jvm.dll+0x7e265c]
V  [jvm.dll+0x3eb17f]
V  [jvm.dll+0x3eccc1]
C  [jli.dll+0x5267]
C  [ucrtbase.dll+0x21bb2]
C  [KERNEL32.DLL+0x17614]
C  [ntdll.dll+0x526a1]


---------------  P R O C E S S  ---------------

Threads class SMR info:
_java_thread_list=0x00007ff87ae62f18, length=0, elements={
}

Java Threads: ( => current thread )

Other Threads:
  0x00000199c4225d00 GCTaskThread "GC Thread#0" [stack: 0x0000003cd9600000,0x0000003cd9700000] [id=11216]
  0x00000199c4236c40 ConcurrentGCThread "G1 Main Marker" [stack: 0x0000003cd9700000,0x0000003cd9800000] [id=972]
  0x00000199c4237f30 ConcurrentGCThread "G1 Conc#0" [stack: 0x0000003cd9800000,0x0000003cd9900000] [id=7128]

[error occurred during error reporting (printing all threads), id 0xc0000005, EXCEPTION_ACCESS_VIOLATION (0xc0000005) at pc=0x00007ff87a63b617]

VM state: not at safepoint (not fully initialized)

VM Mutex/Monitor currently owned by a thread:  ([mutex/lock_event])
[0x00000199c41c5a80] Heap_lock - owner thread: 0x00000199c41c9da0

Heap address: 0x0000000080000000, size: 2048 MB, Compressed Oops mode: 32-bit

CDS archive(s) mapped at: [0x0000000000000000-0x0000000000000000-0x0000000000000000), size 0, SharedBaseAddress: 0x0000000800000000, ArchiveRelocationMode: 0.
Narrow klass base: 0x0000000000000000, Narrow klass shift: 0, Narrow klass range: 0x0

GC Precious Log:
<Empty>

Heap:
 garbage-first heap   total 0K, used 0K [0x0000000080000000, 0x0000000100000000)
  region size 1024K, 0 young (0K), 0 survivors (0K)

[error occurred during error reporting (printing heap information), id 0xc0000005, EXCEPTION_ACCESS_VIOLATION (0xc0000005) at pc=0x00007ff87aa1fcb9]

GC Heap History (0 events):
No events

Dll operation events (1 events):
Event: 0.007 Loaded shared library C:\Users\praveen\.p2\pool\plugins\org.eclipse.justj.openjdk.hotspot.jre.full.win32.x86_64_17.0.5.v20221102-0933\jre\bin\java.dll

Deoptimization events (0 events):
No events

Classes unloaded (0 events):
No events

Classes redefined (0 events):
No events

Internal exceptions (0 events):
No events

VM Operations (0 events):
No events

Events (0 events):
No events


Dynamic libraries:
0x00007ff7b3bd0000 - 0x00007ff7b3bde000 	C:\Users\praveen\.p2\pool\plugins\org.eclipse.justj.openjdk.hotspot.jre.full.win32.x86_64_17.0.5.v20221102-0933\jre\bin\javaw.exe
0x00007ff8baa70000 - 0x00007ff8bac68000 	C:\Windows\SYSTEM32\ntdll.dll
0x00007ff8b9820000 - 0x00007ff8b98df000 	C:\Windows\System32\KERNEL32.DLL
0x00007ff8b8210000 - 0x00007ff8b84e2000 	C:\Windows\System32\KERNELBASE.dll
0x00007ff8b85f0000 - 0x00007ff8b86f0000 	C:\Windows\System32\ucrtbase.dll
0x00007ff8b1750000 - 0x00007ff8b1767000 	C:\Users\praveen\.p2\pool\plugins\org.eclipse.justj.openjdk.hotspot.jre.full.win32.x86_64_17.0.5.v20221102-0933\jre\bin\jli.dll
0x00007ff8ba800000 - 0x00007ff8ba9a1000 	C:\Windows\System32\USER32.dll
0x00007ff8b89e0000 - 0x00007ff8b8a02000 	C:\Windows\System32\win32u.dll
0x00007ff8ba1b0000 - 0x00007ff8ba1db000 	C:\Windows\System32\GDI32.dll
0x00007ff8b88a0000 - 0x00007ff8b89af000 	C:\Windows\System32\gdi32full.dll
0x00007ff8b8a10000 - 0x00007ff8b8aad000 	C:\Windows\System32\msvcp_win.dll
0x00007ff8af5d0000 - 0x00007ff8af5e9000 	C:\Users\praveen\.p2\pool\plugins\org.eclipse.justj.openjdk.hotspot.jre.full.win32.x86_64_17.0.5.v20221102-0933\jre\bin\VCRUNTIME140.dll
0x00007ff898f10000 - 0x00007ff8991aa000 	C:\Windows\WinSxS\amd64_microsoft.windows.common-controls_6595b64144ccf1df_6.0.19041.1110_none_60b5254171f9507e\COMCTL32.dll
0x00007ff8b9760000 - 0x00007ff8b97fe000 	C:\Windows\System32\msvcrt.dll
0x00007ff8b98f0000 - 0x00007ff8b9922000 	C:\Windows\System32\IMM32.DLL
0x00007ff8b3bb0000 - 0x00007ff8b3bbc000 	C:\Users\praveen\.p2\pool\plugins\org.eclipse.justj.openjdk.hotspot.jre.full.win32.x86_64_17.0.5.v20221102-0933\jre\bin\vcruntime140_1.dll
0x00007ff8a1c60000 - 0x00007ff8a1cf1000 	C:\Users\praveen\.p2\pool\plugins\org.eclipse.justj.openjdk.hotspot.jre.full.win32.x86_64_17.0.5.v20221102-0933\jre\bin\msvcp140.dll
0x00007ff87a350000 - 0x00007ff87af94000 	C:\Users\praveen\.p2\pool\plugins\org.eclipse.justj.openjdk.hotspot.jre.full.win32.x86_64_17.0.5.v20221102-0933\jre\bin\server\jvm.dll
0x00007ff8ba1e0000 - 0x00007ff8ba28e000 	C:\Windows\System32\ADVAPI32.dll
0x00007ff8ba750000 - 0x00007ff8ba7ec000 	C:\Windows\System32\sechost.dll
0x00007ff8ba080000 - 0x00007ff8ba1a5000 	C:\Windows\System32\RPCRT4.dll
0x00007ff8b3b60000 - 0x00007ff8b3b69000 	C:\Windows\SYSTEM32\WSOCK32.dll
0x00007ff8b9280000 - 0x00007ff8b92eb000 	C:\Windows\System32\WS2_32.dll
0x00007ff895f40000 - 0x00007ff895f67000 	C:\Windows\SYSTEM32\WINMM.dll
0x00007ff8ad680000 - 0x00007ff8ad68a000 	C:\Windows\SYSTEM32\VERSION.dll
0x00007ff8b5f30000 - 0x00007ff8b5f42000 	C:\Windows\SYSTEM32\kernel.appcore.dll
0x00007ff8af4d0000 - 0x00007ff8af4da000 	C:\Users\praveen\.p2\pool\plugins\org.eclipse.justj.openjdk.hotspot.jre.full.win32.x86_64_17.0.5.v20221102-0933\jre\bin\jimage.dll
0x00007ff8aba10000 - 0x00007ff8abbf4000 	C:\Windows\SYSTEM32\DBGHELP.DLL
0x00007ff8ac970000 - 0x00007ff8ac9a5000 	C:\Windows\SYSTEM32\dbgcore.DLL
0x00007ff8b8560000 - 0x00007ff8b85e2000 	C:\Windows\System32\bcryptPrimitives.dll
0x00007ff8a2e50000 - 0x00007ff8a2e75000 	C:\Users\praveen\.p2\pool\plugins\org.eclipse.justj.openjdk.hotspot.jre.full.win32.x86_64_17.0.5.v20221102-0933\jre\bin\java.dll

dbghelp: loaded successfully - version: 4.0.5 - missing functions: none
symbol engine: initialized successfully - sym options: 0x614 - pdb path: .;C:\Users\praveen\.p2\pool\plugins\org.eclipse.justj.openjdk.hotspot.jre.full.win32.x86_64_17.0.5.v20221102-0933\jre\bin;C:\Windows\SYSTEM32;C:\Windows\WinSxS\amd64_microsoft.windows.common-controls_6595b64144ccf1df_6.0.19041.1110_none_60b5254171f9507e;C:\Users\praveen\.p2\pool\plugins\org.eclipse.justj.openjdk.hotspot.jre.full.win32.x86_64_17.0.5.v20221102-0933\jre\bin\server

VM Arguments:
jvm_args: -Dfile.encoding=UTF-8 --module-path=C:\Users\praveen\eclipse-workspace\Ecommerce\bin -XX:+ShowCodeDetailsInExceptionMessages -Djdk.module.main=Ecommerce 
java_command: Ecommerce/com.sales.app.InventoryJDBCApp
java_class_path (initial): C:\Program Files (x86)\MySQL\Connector J 8.0\mysql-connector-j-8.0.32.jar
Launcher Type: SUN_STANDARD

[Global flags]
     intx CICompilerCount                          = 2                                         {product} {ergonomic}
     uint ConcGCThreads                            = 1                                         {product} {ergonomic}
     uint G1ConcRefinementThreads                  = 2                                         {product} {ergonomic}
   size_t G1HeapRegionSize                         = 1048576                                   {product} {ergonomic}
    uintx GCDrainStackTargetSize                   = 64                                        {product} {ergonomic}
   size_t InitialHeapSize                          = 134217728                                 {product} {ergonomic}
   size_t MarkStackSize                            = 4194304                                   {product} {ergonomic}
   size_t MaxHeapSize                              = 2147483648                                {product} {ergonomic}
   size_t MinHeapDeltaBytes                        = 1048576                                   {product} {ergonomic}
   size_t MinHeapSize                              = 8388608                                   {product} {ergonomic}
    uintx NonNMethodCodeHeapSize                   = 5826188                                {pd product} {ergonomic}
    uintx NonProfiledCodeHeapSize                  = 122916026                              {pd product} {ergonomic}
    uintx ProfiledCodeHeapSize                     = 122916026                              {pd product} {ergonomic}
    uintx ReservedCodeCacheSize                    = 251658240                              {pd product} {ergonomic}
     bool SegmentedCodeCache                       = true                                      {product} {ergonomic}
     bool ShowCodeDetailsInExceptionMessages       = true                                   {manageable} {command line}
   size_t SoftMaxHeapSize                          = 2147483648                             {manageable} {ergonomic}
     bool UseCompressedClassPointers               = true                           {product lp64_product} {ergonomic}
     bool UseCompressedOops                        = true                           {product lp64_product} {ergonomic}
     bool UseG1GC                                  = true                                      {product} {ergonomic}
     bool UseLargePagesIndividualAllocation        = false                                  {pd product} {ergonomic}

Logging:
Log output configuration:
 #0: stdout all=warning uptime,level,tags
 #1: stderr all=off uptime,level,tags

Environment Variables:
PATH=C:/Users/praveen/.p2/pool/plugins/org.eclipse.justj.openjdk.hotspot.jre.full.win32.x86_64_17.0.5.v20221102-0933/jre/bin/server;C:/Users/praveen/.p2/pool/plugins/org.eclipse.justj.openjdk.hotspot.jre.full.win32.x86_64_17.0.5.v20221102-0933/jre/bin;C:\Windows\system32;C:\Windows;C:\Windows\System32\Wbem;C:\Windows\System32\WindowsPowerShell\v1.0\;C:\Windows\System32\OpenSSH\;C:\Users\praveen\AppData\Roaming\Microsoft\Windows\Start Menu\Programs\Eclipse;C:\Program Files\MySQL\MySQL Shell 8.0\bin\;C:\Users\praveen\AppData\Local\Microsoft\WindowsApps;;C:\Users\praveen\Desktop;
USERNAME=praveen
OS=Windows_NT
PROCESSOR_IDENTIFIER=Intel64 Family 6 Model 106 Stepping 6, GenuineIntel
TMP=C:\Users\praveen\AppData\Local\Temp
TEMP=C:\Users\praveen\AppData\Local\Temp



---------------  S Y S T E M  ---------------

OS:
 Windows 10 , 64 bit Build 19041 (10.0.19041.2364)
OS uptime: 0 days 1:36 hours
Hyper-V virtualization detected

CPU: total 2 (initial active 2) (1 cores per cpu, 2 threads per core) family 6 model 106 stepping 6 microcode 0xffffffff, cx8, cmov, fxsr, ht, mmx, 3dnowpref, sse, sse2, sse3, ssse3, sse4.1, sse4.2, popcnt, lzcnt, tsc, avx, avx2, aes, erms, clmul, bmi1, bmi2, rtm, adx, avx512f, avx512dq, avx512cd, avx512bw, avx512vl, fma, vzeroupper, clflush, clflushopt, hv

Memory: 4k page, system-wide physical 8190M (1413M free)
TotalPageFile size 10238M (AvailPageFile size 10M)
current process WorkingSet (physical memory assigned to process): 10M, peak: 10M
current process commit charge ("private bytes"): 47M, peak: 175M

vm_info: OpenJDK 64-Bit Server VM (17.0.5+8) for windows-amd64 JRE (17.0.5+8), built on Oct 19 2022 04:48:13 by "temurin" with MS VC++ 16.7 (VS2019)

END.
